  S.cpp
  SyntaxAnalysis.cpp
  arg.cpp
  args.cpp
  ass.cpp
c:\users\артем\source\repos\compilleragain\compilleragain\ass.cpp(24): warning C4018: <: несоответствие типов со знаком и без знака
c:\users\артем\source\repos\compilleragain\compilleragain\ass.cpp(37): warning C4018: <: несоответствие типов со знаком и без знака
  block.cpp
c:\users\артем\source\repos\compilleragain\compilleragain\block.cpp(20): warning C4018: <: несоответствие типов со знаком и без знака
c:\users\артем\source\repos\compilleragain\compilleragain\block.cpp(44): warning C4018: <: несоответствие типов со знаком и без знака
  boolean.cpp
c:\users\артем\source\repos\compilleragain\compilleragain\boolean.cpp(33): warning C4018: <: несоответствие типов со знаком и без знака
  call_func.cpp
  compare.cpp
  cycle_stmt.cpp
  decl.cpp
  decl_func.cpp
c:\users\артем\source\repos\compilleragain\compilleragain\decl_func.cpp(42): warning C4018: <: несоответствие типов со знаком и без знака
  decls.cpp
  eob.cpp
  expr.cpp
c:\users\артем\source\repos\compilleragain\compilleragain\expr.cpp(19): warning C4018: <: несоответствие типов со знаком и без знака
c:\users\артем\source\repos\compilleragain\compilleragain\expr.cpp(26): warning C4018: <: несоответствие типов со знаком и без знака
  factor.cpp
  for_stmt.cpp
  id.cpp
  if_stmt.cpp
  loc.cpp
  Создание кода...
  Компиляция...
  logic.cpp
  main.cpp
  nums.cpp
  parser.cpp
c:\users\артем\source\repos\compilleragain\compilleragain\parser.cpp(42): warning C4018: <: несоответствие типов со знаком и без знака
c:\users\артем\source\repos\compilleragain\compilleragain\parser.cpp(67): warning C4018: <: несоответствие типов со знаком и без знака
c:\users\артем\source\repos\compilleragain\compilleragain\parser.cpp(105): warning C4018: <: несоответствие типов со знаком и без знака
c:\users\артем\source\repos\compilleragain\compilleragain\parser.cpp(122): warning C4018: <: несоответствие типов со знаком и без знака
c:\users\артем\source\repos\compilleragain\compilleragain\parser.cpp(213): warning C4018: <: несоответствие типов со знаком и без знака
c:\users\артем\source\repos\compilleragain\compilleragain\parser.cpp(366): warning C4018: <: несоответствие типов со знаком и без знака
c:\users\артем\source\repos\compilleragain\compilleragain\table.h(42): warning C4018: <: несоответствие типов со знаком и без знака
  c:\users\артем\source\repos\compilleragain\compilleragain\table.h(39): note: при компиляции функции-члена "<Нет данных>" класса класс <Нет данных>
  c:\users\артем\source\repos\compilleragain\compilleragain\parser.cpp(219): note: выполняется компиляция ссылки на экземпляр шаблон функции "int table<KW>::isInTable(std::string)"
  c:\users\артем\source\repos\compilleragain\compilleragain\parser.hpp(39): note: выполняется компиляция ссылки на экземпляр шаблон класс "table<KW>"
  stmt.cpp
  stmts.cpp
c:\users\артем\source\repos\compilleragain\compilleragain\stmts.cpp(18): warning C4018: <: несоответствие типов со знаком и без знака
c:\users\артем\source\repos\compilleragain\compilleragain\stmts.cpp(39): warning C4018: <: несоответствие типов со знаком и без знака
c:\users\артем\source\repos\compilleragain\compilleragain\stmts.cpp(58): warning C4018: <: несоответствие типов со знаком и без знака
  symbol.cpp
  term.cpp
c:\users\артем\source\repos\compilleragain\compilleragain\term.cpp(17): warning C4018: <: несоответствие типов со знаком и без знака
c:\users\артем\source\repos\compilleragain\compilleragain\term.cpp(25): warning C4018: <: несоответствие типов со знаком и без знака
  terminal.cpp
  text.cpp
c:\users\артем\source\repos\compilleragain\compilleragain\text.cpp(19): warning C4018: <: несоответствие типов со знаком и без знака
  type.cpp
  typedef.cpp
  unary.cpp
  while_stmt.cpp
c:\users\артем\source\repos\compilleragain\compilleragain\while_stmt.cpp(31): warning C4018: <: несоответствие типов со знаком и без знака
c:\users\артем\source\repos\compilleragain\compilleragain\while_stmt.cpp(34): warning C4553: "==": результат выражения не используется; вы хотели использовать "="?
c:\users\артем\source\repos\compilleragain\compilleragain\while_stmt.cpp(52): warning C4018: <: несоответствие типов со знаком и без знака
  Создание кода...
  CompillerAgain.vcxproj -> C:\Users\Артем\source\repos\CompillerAgain\Debug\CompillerAgain.exe
